0 info it worked if it ends with ok
1 verbose cli [ 'node', '/usr/bin/npm', 'stop' ]
2 info using npm@2.7.0
3 info using node@v0.10.35
4 verbose node symlink /usr/bin/node
5 verbose stack Error: missing script: stop
5 verbose stack     at run (/usr/lib/node_modules/npm/lib/run-script.js:165:19)
5 verbose stack     at /usr/lib/node_modules/npm/lib/run-script.js:81:5
5 verbose stack     at /usr/lib/node_modules/npm/node_modules/read-package-json/read-json.js:51:40
5 verbose stack     at /usr/lib/node_modules/npm/node_modules/read-package-json/read-json.js:375:33
5 verbose stack     at checkBinReferences_ (/usr/lib/node_modules/npm/node_modules/read-package-json/read-json.js:340:59)
5 verbose stack     at final (/usr/lib/node_modules/npm/node_modules/read-package-json/read-json.js:372:17)
5 verbose stack     at then (/usr/lib/node_modules/npm/node_modules/read-package-json/read-json.js:126:33)
5 verbose stack     at /usr/lib/node_modules/npm/node_modules/read-package-json/read-json.js:331:40
5 verbose stack     at evalmachine.<anonymous>:272:14
5 verbose stack     at /usr/lib/node_modules/npm/node_modules/graceful-fs/graceful-fs.js:102:5
6 verbose cwd /home/jimmyfay/dev/meanProject/client
7 error Linux 3.13.0-34-generic
8 error argv "node" "/usr/bin/npm" "stop"
9 error node v0.10.35
10 error npm  v2.7.0
11 error missing script: stop
12 error If you need help, you may report this error at:
12 error     <http://github.com/npm/npm/issues>
13 verbose exit [ 1, true ]
